{"C:\\Users\\timpp\\FullStackOpen_kurssi\\Osa_5\\bloglist-frontend\\src\\App.jsx": {"path":"C:\\Users\\timpp\\FullStackOpen_kurssi\\Osa_5\\bloglist-frontend\\src\\App.jsx","statementMap":{"0":{"start":{"line":11,"column":12},"end":{"line":189,"column":1}},"1":{"start":{"line":12,"column":28},"end":{"line":12,"column":40}},"2":{"start":{"line":14,"column":42},"end":{"line":14,"column":69}},"3":{"start":{"line":15,"column":34},"end":{"line":15,"column":46}},"4":{"start":{"line":16,"column":34},"end":{"line":16,"column":46}},"5":{"start":{"line":17,"column":26},"end":{"line":17,"column":40}},"6":{"start":{"line":18,"column":42},"end":{"line":18,"column":57}},"7":{"start":{"line":20,"column":2},"end":{"line":26,"column":8}},"8":{"start":{"line":21,"column":4},"end":{"line":25,"column":8}},"9":{"start":{"line":24,"column":8},"end":{"line":24,"column":30}},"10":{"start":{"line":28,"column":2},"end":{"line":35,"column":8}},"11":{"start":{"line":29,"column":27},"end":{"line":29,"column":75}},"12":{"start":{"line":30,"column":4},"end":{"line":34,"column":5}},"13":{"start":{"line":31,"column":19},"end":{"line":31,"column":45}},"14":{"start":{"line":32,"column":6},"end":{"line":32,"column":19}},"15":{"start":{"line":33,"column":6},"end":{"line":33,"column":38}},"16":{"start":{"line":37,"column":29},"end":{"line":44,"column":3}},"17":{"start":{"line":38,"column":4},"end":{"line":40,"column":6}},"18":{"start":{"line":41,"column":4},"end":{"line":43,"column":12}},"19":{"start":{"line":42,"column":6},"end":{"line":42,"column":40}},"20":{"start":{"line":46,"column":22},"end":{"line":62,"column":3}},"21":{"start":{"line":47,"column":4},"end":{"line":47,"column":26}},"22":{"start":{"line":48,"column":4},"end":{"line":61,"column":5}},"23":{"start":{"line":49,"column":19},"end":{"line":51,"column":8}},"24":{"start":{"line":52,"column":6},"end":{"line":54,"column":7}},"25":{"start":{"line":55,"column":6},"end":{"line":55,"column":38}},"26":{"start":{"line":56,"column":6},"end":{"line":56,"column":19}},"27":{"start":{"line":57,"column":6},"end":{"line":57,"column":21}},"28":{"start":{"line":58,"column":6},"end":{"line":58,"column":21}},"29":{"start":{"line":60,"column":6},"end":{"line":60,"column":66}},"30":{"start":{"line":64,"column":23},"end":{"line":68,"column":3}},"31":{"start":{"line":65,"column":4},"end":{"line":65,"column":55}},"32":{"start":{"line":66,"column":4},"end":{"line":66,"column":17}},"33":{"start":{"line":67,"column":4},"end":{"line":67,"column":30}},"34":{"start":{"line":70,"column":18},"end":{"line":88,"column":3}},"35":{"start":{"line":72,"column":4},"end":{"line":87,"column":5}},"36":{"start":{"line":73,"column":22},"end":{"line":73,"column":58}},"37":{"start":{"line":75,"column":6},"end":{"line":75,"column":37}},"38":{"start":{"line":80,"column":23},"end":{"line":80,"column":49}},"39":{"start":{"line":81,"column":6},"end":{"line":81,"column":24}},"40":{"start":{"line":83,"column":6},"end":{"line":83,"column":87}},"41":{"start":{"line":86,"column":6},"end":{"line":86,"column":60}},"42":{"start":{"line":90,"column":27},"end":{"line":99,"column":3}},"43":{"start":{"line":91,"column":15},"end":{"line":91,"column":78}},"44":{"start":{"line":92,"column":4},"end":{"line":98,"column":5}},"45":{"start":{"line":93,"column":23},"end":{"line":93,"column":60}},"46":{"start":{"line":94,"column":6},"end":{"line":94,"column":72}},"47":{"start":{"line":94,"column":30},"end":{"line":94,"column":71}},"48":{"start":{"line":94,"column":54},"end":{"line":94,"column":70}},"49":{"start":{"line":95,"column":6},"end":{"line":95,"column":75}},"50":{"start":{"line":97,"column":6},"end":{"line":97,"column":37}},"51":{"start":{"line":102,"column":18},"end":{"line":119,"column":3}},"52":{"start":{"line":103,"column":24},"end":{"line":109,"column":5}},"53":{"start":{"line":110,"column":4},"end":{"line":118,"column":5}},"54":{"start":{"line":111,"column":23},"end":{"line":111,"column":70}},"55":{"start":{"line":112,"column":6},"end":{"line":114,"column":66}},"56":{"start":{"line":114,"column":10},"end":{"line":114,"column":64}},"57":{"start":{"line":117,"column":6},"end":{"line":117,"column":60}},"58":{"start":{"line":121,"column":20},"end":{"line":143,"column":3}},"59":{"start":{"line":122,"column":28},"end":{"line":122,"column":67}},"60":{"start":{"line":123,"column":28},"end":{"line":123,"column":67}},"61":{"start":{"line":124,"column":4},"end":{"line":142,"column":5}},"62":{"start":{"line":127,"column":33},"end":{"line":127,"column":54}},"63":{"start":{"line":139,"column":33},"end":{"line":139,"column":55}},"64":{"start":{"line":145,"column":19},"end":{"line":149,"column":3}},"65":{"start":{"line":146,"column":4},"end":{"line":148,"column":16}},"66":{"start":{"line":153,"column":22},"end":{"line":155,"column":64}},"67":{"start":{"line":155,"column":27},"end":{"line":155,"column":63}},"68":{"start":{"line":157,"column":2},"end":{"line":188,"column":3}},"69":{"start":{"line":172,"column":30},"end":{"line":172,"column":47}},"70":{"start":{"line":174,"column":16},"end":{"line":180,"column":18}}},"fnMap":{"0":{"name":"(anonymous_0)","decl":{"start":{"line":11,"column":12},"end":{"line":11,"column":13}},"loc":{"start":{"line":11,"column":18},"end":{"line":189,"column":1}},"line":11},"1":{"name":"(anonymous_1)","decl":{"start":{"line":20,"column":12},"end":{"line":20,"column":13}},"loc":{"start":{"line":20,"column":18},"end":{"line":26,"column":3}},"line":20},"2":{"name":"(anonymous_2)","decl":{"start":{"line":23,"column":12},"end":{"line":23,"column":13}},"loc":{"start":{"line":23,"column":28},"end":{"line":25,"column":7}},"line":23},"3":{"name":"(anonymous_3)","decl":{"start":{"line":28,"column":12},"end":{"line":28,"column":13}},"loc":{"start":{"line":28,"column":18},"end":{"line":35,"column":3}},"line":28},"4":{"name":"(anonymous_4)","decl":{"start":{"line":37,"column":29},"end":{"line":37,"column":30}},"loc":{"start":{"line":37,"column":65},"end":{"line":44,"column":3}},"line":37},"5":{"name":"(anonymous_5)","decl":{"start":{"line":41,"column":15},"end":{"line":41,"column":16}},"loc":{"start":{"line":41,"column":21},"end":{"line":43,"column":5}},"line":41},"6":{"name":"(anonymous_6)","decl":{"start":{"line":46,"column":22},"end":{"line":46,"column":23}},"loc":{"start":{"line":46,"column":39},"end":{"line":62,"column":3}},"line":46},"7":{"name":"(anonymous_7)","decl":{"start":{"line":64,"column":23},"end":{"line":64,"column":24}},"loc":{"start":{"line":64,"column":35},"end":{"line":68,"column":3}},"line":64},"8":{"name":"(anonymous_8)","decl":{"start":{"line":70,"column":18},"end":{"line":70,"column":19}},"loc":{"start":{"line":70,"column":40},"end":{"line":88,"column":3}},"line":70},"9":{"name":"(anonymous_9)","decl":{"start":{"line":90,"column":27},"end":{"line":90,"column":28}},"loc":{"start":{"line":90,"column":43},"end":{"line":99,"column":3}},"line":90},"10":{"name":"(anonymous_10)","decl":{"start":{"line":94,"column":15},"end":{"line":94,"column":16}},"loc":{"start":{"line":94,"column":30},"end":{"line":94,"column":71}},"line":94},"11":{"name":"(anonymous_11)","decl":{"start":{"line":94,"column":47},"end":{"line":94,"column":48}},"loc":{"start":{"line":94,"column":54},"end":{"line":94,"column":70}},"line":94},"12":{"name":"(anonymous_12)","decl":{"start":{"line":102,"column":18},"end":{"line":102,"column":19}},"loc":{"start":{"line":102,"column":34},"end":{"line":119,"column":3}},"line":102},"13":{"name":"(anonymous_13)","decl":{"start":{"line":113,"column":13},"end":{"line":113,"column":14}},"loc":{"start":{"line":114,"column":10},"end":{"line":114,"column":64}},"line":114},"14":{"name":"(anonymous_14)","decl":{"start":{"line":121,"column":20},"end":{"line":121,"column":21}},"loc":{"start":{"line":121,"column":26},"end":{"line":143,"column":3}},"line":121},"15":{"name":"(anonymous_15)","decl":{"start":{"line":127,"column":27},"end":{"line":127,"column":28}},"loc":{"start":{"line":127,"column":33},"end":{"line":127,"column":54}},"line":127},"16":{"name":"(anonymous_16)","decl":{"start":{"line":139,"column":27},"end":{"line":139,"column":28}},"loc":{"start":{"line":139,"column":33},"end":{"line":139,"column":55}},"line":139},"17":{"name":"(anonymous_17)","decl":{"start":{"line":145,"column":19},"end":{"line":145,"column":20}},"loc":{"start":{"line":146,"column":4},"end":{"line":148,"column":16}},"line":146},"18":{"name":"(anonymous_18)","decl":{"start":{"line":155,"column":19},"end":{"line":155,"column":20}},"loc":{"start":{"line":155,"column":27},"end":{"line":155,"column":63}},"line":155},"19":{"name":"(anonymous_19)","decl":{"start":{"line":172,"column":20},"end":{"line":172,"column":21}},"loc":{"start":{"line":172,"column":30},"end":{"line":172,"column":47}},"line":172},"20":{"name":"(anonymous_20)","decl":{"start":{"line":173,"column":19},"end":{"line":173,"column":20}},"loc":{"start":{"line":174,"column":16},"end":{"line":180,"column":18}},"line":174}},"branchMap":{"0":{"loc":{"start":{"line":30,"column":4},"end":{"line":34,"column":5}},"type":"if","locations":[{"start":{"line":30,"column":4},"end":{"line":34,"column":5}},{"start":{},"end":{}}],"line":30},"1":{"loc":{"start":{"line":37,"column":39},"end":{"line":37,"column":60}},"type":"default-arg","locations":[{"start":{"line":37,"column":46},"end":{"line":37,"column":60}}],"line":37},"2":{"loc":{"start":{"line":92,"column":4},"end":{"line":98,"column":5}},"type":"if","locations":[{"start":{"line":92,"column":4},"end":{"line":98,"column":5}},{"start":{"line":96,"column":11},"end":{"line":98,"column":5}}],"line":92},"3":{"loc":{"start":{"line":114,"column":10},"end":{"line":114,"column":64}},"type":"cond-expr","locations":[{"start":{"line":114,"column":29},"end":{"line":114,"column":30}},{"start":{"line":114,"column":33},"end":{"line":114,"column":64}}],"line":114},"4":{"loc":{"start":{"line":122,"column":39},"end":{"line":122,"column":65}},"type":"cond-expr","locations":[{"start":{"line":122,"column":54},"end":{"line":122,"column":60}},{"start":{"line":122,"column":63},"end":{"line":122,"column":65}}],"line":122},"5":{"loc":{"start":{"line":123,"column":39},"end":{"line":123,"column":65}},"type":"cond-expr","locations":[{"start":{"line":123,"column":54},"end":{"line":123,"column":56}},{"start":{"line":123,"column":59},"end":{"line":123,"column":65}}],"line":123},"6":{"loc":{"start":{"line":153,"column":22},"end":{"line":155,"column":64}},"type":"cond-expr","locations":[{"start":{"line":154,"column":6},"end":{"line":154,"column":11}},{"start":{"line":155,"column":6},"end":{"line":155,"column":64}}],"line":153},"7":{"loc":{"start":{"line":162,"column":7},"end":{"line":162,"column":27}},"type":"binary-expr","locations":[{"start":{"line":162,"column":7},"end":{"line":162,"column":12}},{"start":{"line":162,"column":16},"end":{"line":162,"column":27}}],"line":162},"8":{"loc":{"start":{"line":163,"column":7},"end":{"line":183,"column":14}},"type":"binary-expr","locations":[{"start":{"line":163,"column":7},"end":{"line":163,"column":11}},{"start":{"line":164,"column":8},"end":{"line":183,"column":14}}],"line":163}},"s":{"0":0,"1":0,"2":0,"3":0,"4":0,"5":0,"6":0,"7":0,"8":0,"9":0,"10":0,"11":0,"12":0,"13":0,"14":0,"15":0,"16":0,"17":0,"18":0,"19":0,"20":0,"21":0,"22":0,"23":0,"24":0,"25":0,"26":0,"27":0,"28":0,"29":0,"30":0,"31":0,"32":0,"33":0,"34":0,"35":0,"36":0,"37":0,"38":0,"39":0,"40":0,"41":0,"42":0,"43":0,"44":0,"45":0,"46":0,"47":0,"48":0,"49":0,"50":0,"51":0,"52":0,"53":0,"54":0,"55":0,"56":0,"57":0,"58":0,"59":0,"60":0,"61":0,"62":0,"63":0,"64":0,"65":0,"66":0,"67":0,"68":0,"69":0,"70":0},"f":{"0":0,"1":0,"2":0,"3":0,"4":0,"5":0,"6":0,"7":0,"8":0,"9":0,"10":0,"11":0,"12":0,"13":0,"14":0,"15":0,"16":0,"17":0,"18":0,"19":0,"20":0},"b":{"0":[0,0],"1":[0],"2":[0,0],"3":[0,0],"4":[0,0],"5":[0,0],"6":[0,0],"7":[0,0],"8":[0,0]}}
,"C:\\Users\\timpp\\FullStackOpen_kurssi\\Osa_5\\bloglist-frontend\\src\\main.jsx": {"path":"C:\\Users\\timpp\\FullStackOpen_kurssi\\Osa_5\\bloglist-frontend\\src\\main.jsx","statementMap":{"0":{"start":{"line":5,"column":0},"end":{"line":5,"column":68}}},"fnMap":{},"branchMap":{},"s":{"0":0},"f":{},"b":{}}
,"C:\\Users\\timpp\\FullStackOpen_kurssi\\Osa_5\\bloglist-frontend\\src\\components\\Blog.jsx": {"path":"C:\\Users\\timpp\\FullStackOpen_kurssi\\Osa_5\\bloglist-frontend\\src\\components\\Blog.jsx","statementMap":{"0":{"start":{"line":3,"column":13},"end":{"line":57,"column":1}},"1":{"start":{"line":4,"column":34},"end":{"line":4,"column":49}},"2":{"start":{"line":6,"column":20},"end":{"line":12,"column":3}},"3":{"start":{"line":13,"column":24},"end":{"line":22,"column":3}},"4":{"start":{"line":24,"column":25},"end":{"line":26,"column":3}},"5":{"start":{"line":25,"column":4},"end":{"line":25,"column":26}},"6":{"start":{"line":29,"column":27},"end":{"line":29,"column":84}},"7":{"start":{"line":31,"column":2},"end":{"line":56,"column":3}},"8":{"start":{"line":45,"column":37},"end":{"line":45,"column":50}},"9":{"start":{"line":48,"column":35},"end":{"line":48,"column":51}}},"fnMap":{"0":{"name":"(anonymous_0)","decl":{"start":{"line":3,"column":13},"end":{"line":3,"column":14}},"loc":{"start":{"line":3,"column":54},"end":{"line":57,"column":1}},"line":3},"1":{"name":"(anonymous_1)","decl":{"start":{"line":24,"column":25},"end":{"line":24,"column":26}},"loc":{"start":{"line":24,"column":31},"end":{"line":26,"column":3}},"line":24},"2":{"name":"(anonymous_2)","decl":{"start":{"line":45,"column":31},"end":{"line":45,"column":32}},"loc":{"start":{"line":45,"column":37},"end":{"line":45,"column":50}},"line":45},"3":{"name":"(anonymous_3)","decl":{"start":{"line":48,"column":29},"end":{"line":48,"column":30}},"loc":{"start":{"line":48,"column":35},"end":{"line":48,"column":51}},"line":48}},"branchMap":{"0":{"loc":{"start":{"line":29,"column":27},"end":{"line":29,"column":84}},"type":"binary-expr","locations":[{"start":{"line":29,"column":27},"end":{"line":29,"column":31}},{"start":{"line":29,"column":35},"end":{"line":29,"column":44}},{"start":{"line":29,"column":48},"end":{"line":29,"column":84}}],"line":29},"1":{"loc":{"start":{"line":37,"column":13},"end":{"line":37,"column":39}},"type":"cond-expr","locations":[{"start":{"line":37,"column":24},"end":{"line":37,"column":30}},{"start":{"line":37,"column":33},"end":{"line":37,"column":39}}],"line":37},"2":{"loc":{"start":{"line":40,"column":9},"end":{"line":51,"column":16}},"type":"binary-expr","locations":[{"start":{"line":40,"column":9},"end":{"line":40,"column":17}},{"start":{"line":41,"column":10},"end":{"line":51,"column":16}}],"line":40},"3":{"loc":{"start":{"line":48,"column":71},"end":{"line":48,"column":113}},"type":"cond-expr","locations":[{"start":{"line":48,"column":90},"end":{"line":48,"column":104}},{"start":{"line":48,"column":107},"end":{"line":48,"column":113}}],"line":48}},"s":{"0":1,"1":5,"2":5,"3":5,"4":5,"5":2,"6":5,"7":5,"8":2,"9":0},"f":{"0":5,"1":2,"2":2,"3":0},"b":{"0":[5,0,0],"1":[2,3],"2":[5,2],"3":[0,2]},"_coverageSchema":"1a1c01bbd47fc00a2c39e90264f33305004495a9","hash":"0d62ae04c0067434eec3a14046282b73175223bb"}
,"C:\\Users\\timpp\\FullStackOpen_kurssi\\Osa_5\\bloglist-frontend\\src\\components\\BlogForm.jsx": {"path":"C:\\Users\\timpp\\FullStackOpen_kurssi\\Osa_5\\bloglist-frontend\\src\\components\\BlogForm.jsx","statementMap":{"0":{"start":{"line":3,"column":22},"end":{"line":60,"column":1}},"1":{"start":{"line":5,"column":34},"end":{"line":5,"column":46}},"2":{"start":{"line":6,"column":36},"end":{"line":6,"column":48}},"3":{"start":{"line":7,"column":30},"end":{"line":7,"column":42}},"4":{"start":{"line":9,"column":18},"end":{"line":20,"column":3}},"5":{"start":{"line":10,"column":4},"end":{"line":10,"column":26}},"6":{"start":{"line":11,"column":4},"end":{"line":15,"column":6}},"7":{"start":{"line":17,"column":4},"end":{"line":17,"column":20}},"8":{"start":{"line":18,"column":4},"end":{"line":18,"column":19}},"9":{"start":{"line":19,"column":4},"end":{"line":19,"column":17}},"10":{"start":{"line":21,"column":2},"end":{"line":59,"column":3}},"11":{"start":{"line":32,"column":31},"end":{"line":32,"column":62}},"12":{"start":{"line":42,"column":31},"end":{"line":42,"column":63}},"13":{"start":{"line":52,"column":31},"end":{"line":52,"column":60}}},"fnMap":{"0":{"name":"(anonymous_0)","decl":{"start":{"line":3,"column":22},"end":{"line":3,"column":23}},"loc":{"start":{"line":3,"column":42},"end":{"line":60,"column":1}},"line":3},"1":{"name":"(anonymous_1)","decl":{"start":{"line":9,"column":18},"end":{"line":9,"column":19}},"loc":{"start":{"line":9,"column":29},"end":{"line":20,"column":3}},"line":9},"2":{"name":"(anonymous_2)","decl":{"start":{"line":32,"column":22},"end":{"line":32,"column":23}},"loc":{"start":{"line":32,"column":31},"end":{"line":32,"column":62}},"line":32},"3":{"name":"(anonymous_3)","decl":{"start":{"line":42,"column":22},"end":{"line":42,"column":23}},"loc":{"start":{"line":42,"column":31},"end":{"line":42,"column":63}},"line":42},"4":{"name":"(anonymous_4)","decl":{"start":{"line":52,"column":22},"end":{"line":52,"column":23}},"loc":{"start":{"line":52,"column":31},"end":{"line":52,"column":60}},"line":52}},"branchMap":{},"s":{"0":1,"1":29,"2":29,"3":29,"4":29,"5":1,"6":1,"7":1,"8":1,"9":1,"10":29,"11":9,"12":9,"13":9},"f":{"0":29,"1":1,"2":9,"3":9,"4":9},"b":{},"_coverageSchema":"1a1c01bbd47fc00a2c39e90264f33305004495a9","hash":"62f1e2c049d8e8968e4619e94059bf7bc869aef4"}
,"C:\\Users\\timpp\\FullStackOpen_kurssi\\Osa_5\\bloglist-frontend\\src\\components\\Login.jsx": {"path":"C:\\Users\\timpp\\FullStackOpen_kurssi\\Osa_5\\bloglist-frontend\\src\\components\\Login.jsx","statementMap":{"0":{"start":{"line":4,"column":18},"end":{"line":34,"column":1}},"1":{"start":{"line":11,"column":2},"end":{"line":33,"column":3}},"2":{"start":{"line":19,"column":36},"end":{"line":19,"column":61}},"3":{"start":{"line":28,"column":36},"end":{"line":28,"column":61}},"4":{"start":{"line":35,"column":0},"end":{"line":41,"column":1}}},"fnMap":{"0":{"name":"(anonymous_0)","decl":{"start":{"line":4,"column":18},"end":{"line":4,"column":19}},"loc":{"start":{"line":10,"column":6},"end":{"line":34,"column":1}},"line":10},"1":{"name":"(anonymous_1)","decl":{"start":{"line":19,"column":20},"end":{"line":19,"column":21}},"loc":{"start":{"line":19,"column":36},"end":{"line":19,"column":61}},"line":19},"2":{"name":"(anonymous_2)","decl":{"start":{"line":28,"column":20},"end":{"line":28,"column":21}},"loc":{"start":{"line":28,"column":36},"end":{"line":28,"column":61}},"line":28}},"branchMap":{},"s":{"0":0,"1":0,"2":0,"3":0,"4":0},"f":{"0":0,"1":0,"2":0},"b":{}}
,"C:\\Users\\timpp\\FullStackOpen_kurssi\\Osa_5\\bloglist-frontend\\src\\components\\Notification.jsx": {"path":"C:\\Users\\timpp\\FullStackOpen_kurssi\\Osa_5\\bloglist-frontend\\src\\components\\Notification.jsx","statementMap":{"0":{"start":{"line":1,"column":21},"end":{"line":14,"column":1}},"1":{"start":{"line":2,"column":2},"end":{"line":4,"column":3}},"2":{"start":{"line":3,"column":4},"end":{"line":3,"column":15}},"3":{"start":{"line":6,"column":28},"end":{"line":6,"column":84}},"4":{"start":{"line":8,"column":2},"end":{"line":12,"column":3}}},"fnMap":{"0":{"name":"(anonymous_0)","decl":{"start":{"line":1,"column":21},"end":{"line":1,"column":22}},"loc":{"start":{"line":1,"column":43},"end":{"line":14,"column":1}},"line":1}},"branchMap":{"0":{"loc":{"start":{"line":2,"column":2},"end":{"line":4,"column":3}},"type":"if","locations":[{"start":{"line":2,"column":2},"end":{"line":4,"column":3}},{"start":{},"end":{}}],"line":2},"1":{"loc":{"start":{"line":6,"column":28},"end":{"line":6,"column":84}},"type":"cond-expr","locations":[{"start":{"line":6,"column":60},"end":{"line":6,"column":67}},{"start":{"line":6,"column":70},"end":{"line":6,"column":84}}],"line":6}},"s":{"0":0,"1":0,"2":0,"3":0,"4":0},"f":{"0":0},"b":{"0":[0,0],"1":[0,0]}}
,"C:\\Users\\timpp\\FullStackOpen_kurssi\\Osa_5\\bloglist-frontend\\src\\components\\Togglable.jsx": {"path":"C:\\Users\\timpp\\FullStackOpen_kurssi\\Osa_5\\bloglist-frontend\\src\\components\\Togglable.jsx","statementMap":{"0":{"start":{"line":4,"column":18},"end":{"line":26,"column":1}},"1":{"start":{"line":5,"column":32},"end":{"line":5,"column":47}},"2":{"start":{"line":7,"column":26},"end":{"line":7,"column":60}},"3":{"start":{"line":8,"column":26},"end":{"line":8,"column":60}},"4":{"start":{"line":10,"column":27},"end":{"line":12,"column":3}},"5":{"start":{"line":11,"column":4},"end":{"line":11,"column":24}},"6":{"start":{"line":14,"column":2},"end":{"line":25,"column":3}},"7":{"start":{"line":27,"column":0},"end":{"line":29,"column":1}},"8":{"start":{"line":31,"column":0},"end":{"line":31,"column":35}}},"fnMap":{"0":{"name":"(anonymous_0)","decl":{"start":{"line":4,"column":18},"end":{"line":4,"column":19}},"loc":{"start":{"line":4,"column":29},"end":{"line":26,"column":1}},"line":4},"1":{"name":"(anonymous_1)","decl":{"start":{"line":10,"column":27},"end":{"line":10,"column":28}},"loc":{"start":{"line":10,"column":33},"end":{"line":12,"column":3}},"line":10}},"branchMap":{"0":{"loc":{"start":{"line":7,"column":37},"end":{"line":7,"column":58}},"type":"cond-expr","locations":[{"start":{"line":7,"column":47},"end":{"line":7,"column":53}},{"start":{"line":7,"column":56},"end":{"line":7,"column":58}}],"line":7},"1":{"loc":{"start":{"line":8,"column":37},"end":{"line":8,"column":58}},"type":"cond-expr","locations":[{"start":{"line":8,"column":47},"end":{"line":8,"column":49}},{"start":{"line":8,"column":52},"end":{"line":8,"column":58}}],"line":8}},"s":{"0":0,"1":0,"2":0,"3":0,"4":0,"5":0,"6":0,"7":0,"8":0},"f":{"0":0,"1":0},"b":{"0":[0,0],"1":[0,0]}}
,"C:\\Users\\timpp\\FullStackOpen_kurssi\\Osa_5\\bloglist-frontend\\src\\services\\blogs.js": {"path":"C:\\Users\\timpp\\FullStackOpen_kurssi\\Osa_5\\bloglist-frontend\\src\\services\\blogs.js","statementMap":{"0":{"start":{"line":2,"column":16},"end":{"line":2,"column":28}},"1":{"start":{"line":4,"column":12},"end":{"line":4,"column":16}},"2":{"start":{"line":5,"column":17},"end":{"line":7,"column":1}},"3":{"start":{"line":6,"column":2},"end":{"line":6,"column":30}},"4":{"start":{"line":9,"column":15},"end":{"line":12,"column":1}},"5":{"start":{"line":10,"column":19},"end":{"line":10,"column":43}},"6":{"start":{"line":11,"column":2},"end":{"line":11,"column":22}},"7":{"start":{"line":14,"column":15},"end":{"line":20,"column":1}},"8":{"start":{"line":15,"column":17},"end":{"line":17,"column":3}},"9":{"start":{"line":18,"column":19},"end":{"line":18,"column":61}},"10":{"start":{"line":19,"column":2},"end":{"line":19,"column":22}},"11":{"start":{"line":21,"column":19},"end":{"line":27,"column":1}},"12":{"start":{"line":22,"column":17},"end":{"line":24,"column":3}},"13":{"start":{"line":25,"column":19},"end":{"line":25,"column":69}},"14":{"start":{"line":26,"column":2},"end":{"line":26,"column":22}},"15":{"start":{"line":29,"column":16},"end":{"line":35,"column":1}},"16":{"start":{"line":30,"column":17},"end":{"line":32,"column":3}},"17":{"start":{"line":33,"column":19},"end":{"line":33,"column":76}},"18":{"start":{"line":34,"column":2},"end":{"line":34,"column":22}}},"fnMap":{"0":{"name":"(anonymous_0)","decl":{"start":{"line":5,"column":17},"end":{"line":5,"column":18}},"loc":{"start":{"line":5,"column":31},"end":{"line":7,"column":1}},"line":5},"1":{"name":"(anonymous_1)","decl":{"start":{"line":9,"column":15},"end":{"line":9,"column":16}},"loc":{"start":{"line":9,"column":27},"end":{"line":12,"column":1}},"line":9},"2":{"name":"(anonymous_2)","decl":{"start":{"line":14,"column":15},"end":{"line":14,"column":16}},"loc":{"start":{"line":14,"column":34},"end":{"line":20,"column":1}},"line":14},"3":{"name":"(anonymous_3)","decl":{"start":{"line":21,"column":19},"end":{"line":21,"column":20}},"loc":{"start":{"line":21,"column":37},"end":{"line":27,"column":1}},"line":21},"4":{"name":"(anonymous_4)","decl":{"start":{"line":29,"column":16},"end":{"line":29,"column":17}},"loc":{"start":{"line":29,"column":44},"end":{"line":35,"column":1}},"line":29}},"branchMap":{},"s":{"0":0,"1":0,"2":0,"3":0,"4":0,"5":0,"6":0,"7":0,"8":0,"9":0,"10":0,"11":0,"12":0,"13":0,"14":0,"15":0,"16":0,"17":0,"18":0},"f":{"0":0,"1":0,"2":0,"3":0,"4":0},"b":{}}
,"C:\\Users\\timpp\\FullStackOpen_kurssi\\Osa_5\\bloglist-frontend\\src\\services\\login.js": {"path":"C:\\Users\\timpp\\FullStackOpen_kurssi\\Osa_5\\bloglist-frontend\\src\\services\\login.js","statementMap":{"0":{"start":{"line":2,"column":16},"end":{"line":2,"column":28}},"1":{"start":{"line":4,"column":14},"end":{"line":8,"column":1}},"2":{"start":{"line":5,"column":19},"end":{"line":5,"column":57}},"3":{"start":{"line":6,"column":2},"end":{"line":6,"column":23}},"4":{"start":{"line":7,"column":2},"end":{"line":7,"column":22}}},"fnMap":{"0":{"name":"(anonymous_0)","decl":{"start":{"line":4,"column":14},"end":{"line":4,"column":15}},"loc":{"start":{"line":4,"column":37},"end":{"line":8,"column":1}},"line":4}},"branchMap":{},"s":{"0":0,"1":0,"2":0,"3":0,"4":0},"f":{"0":0},"b":{}}
}
